<?xml version="1.0" encoding="UTF-8"?>
<!-- Generated by org.testng.reporters.JUnitReportReporter -->
<testsuite hostname="Hafizur" failures="0" tests="1" name="CTSChallenge.Challenge18.GmailLoginTest" time="17.723" errors="0" timestamp="03 Apr 2018 16:22:32 GMT" skipped="0">
  <testcase classname="CTSChallenge.Challenge18.GmailLoginTest" name="loginTest" time="17.723"/>
</testsuite> <!-- CTSChallenge.Challenge18.GmailLoginTest -->
