<?xml version="1.0" encoding="UTF-8"?>
<!-- Generated by org.testng.reporters.JUnitReportReporter -->
<testsuite hostname="Hafizur" failures="0" tests="1" name="CTSChallenge.Challenge18.NeweggAutomationTest" time="58.412" errors="0" timestamp="01 Apr 2018 22:44:35 GMT" skipped="0">
  <testcase classname="CTSChallenge.Challenge18.NeweggAutomationTest" name="simpleTest" time="58.412"/>
</testsuite> <!-- CTSChallenge.Challenge18.NeweggAutomationTest -->
